projects/CollageCreator/app/build/intermediates/manifest_merge_blame_file/debug/manifest-merger-blame-debug-report.txt
1<?xml version="1.0" encoding="utf-8"?>
2<manifest xmlns:android="http://schemas.android.com/apk/res/android"
3    package="com.example.collagecreator"
4    android:versionCode="1"
5    android:versionName="1.0" >
6
7    <uses-sdk
8        android:minSdkVersion="15"
8-->src\main\AndroidManifest.xml
9        android:targetSdkVersion="29" />
9-->src\main\AndroidManifest.xml
10
11    <uses-permission android:name="com.android.alarm.permission.SET_ALARM" />
11-->src\main\AndroidManifest.xml:33:5-78
11-->src\main\AndroidManifest.xml:33:22-75
12    <uses-permission android:name="android.permission.READ_EXTERNAL_STORAGE" />
12-->src\main\AndroidManifest.xml:34:5-80
12-->src\main\AndroidManifest.xml:34:22-77
13    <uses-permission android:name="android.permission.WRITE_EXTERNAL_STORAGE" />
13-->src\main\AndroidManifest.xml:35:5-81
13-->src\main\AndroidManifest.xml:35:22-78
14
15    <application
15-->src\main\AndroidManifest.xml:6:5-32:19
16        android:allowBackup="true"
16-->src\main\AndroidManifest.xml:7:9-35
17        android:appComponentFactory="androidx.core.app.CoreComponentFactory"
17-->[androidx.core:core:1.1.0] AndroidManifest.xml:24:18-86
18        android:debuggable="true"
19        android:icon="@mipmap/ic_launcher"
19-->src\main\AndroidManifest.xml:8:9-43
20        android:label="@string/app_name"
20-->src\main\AndroidManifest.xml:9:9-41
21        android:roundIcon="@mipmap/ic_launcher_round"
21-->src\main\AndroidManifest.xml:10:9-54
22        android:supportsRtl="true"
22-->src\main\AndroidManifest.xml:11:9-35
23        android:testOnly="true"
24        android:theme="@style/AppTheme.NoActionBar" >
24-->src\main\AndroidManifest.xml:12:9-52
25        <activity android:name="com.example.collagecreator.MainActivity" >
25-->src\main\AndroidManifest.xml:14:9-20:20
25-->src\main\AndroidManifest.xml:14:19-47
26            <intent-filter>
26-->src\main\AndroidManifest.xml:15:13-19:29
27                <action android:name="android.intent.action.MAIN" />
27-->src\main\AndroidManifest.xml:16:17-69
27-->src\main\AndroidManifest.xml:16:25-66
28
29                <category android:name="android.intent.category.LAUNCHER" />
29-->src\main\AndroidManifest.xml:18:17-77
29-->src\main\AndroidManifest.xml:18:27-74
30            </intent-filter>
31        </activity>
32
33        <provider
33-->src\main\AndroidManifest.xml:22:9-31:20
34            android:name="androidx.core.content.FileProvider"
34-->src\main\AndroidManifest.xml:24:13-62
35            android:authorities="com.example.collagecreator.fileprovider"
35-->src\main\AndroidManifest.xml:25:13-74
36            android:exported="false"
36-->src\main\AndroidManifest.xml:26:13-37
37            android:grantUriPermissions="true" >
37-->src\main\AndroidManifest.xml:27:13-47
38            <meta-data
38-->src\main\AndroidManifest.xml:28:13-30:64
39                android:name="android.support.FILE_PROVIDER_PATHS"
39-->src\main\AndroidManifest.xml:29:17-67
40                android:resource="@xml/file_paths" />
40-->src\main\AndroidManifest.xml:30:17-51
41        </provider>
42    </application>
43
44</manifest>